Using pre-set license
Built from '2020.3/release' branch; Version is '2020.3.44f1 (7f159b6136da) revision 8328603'; Using compiler version '192528614'; Build Type 'Release'
OS: 'Windows 10  (10.0.19045) 64bit Professional' Language: 'pt' Physical Memory: 16339 MB
BatchMode: 1, IsHumanControllingUs: 0, StartBugReporterOnCrash: 0, Is64bit: 1, IsPro: 0

COMMAND LINE ARGUMENTS:
C:\Program Files\Unity\Hub\Editor\2020.3.44f1\Editor\Unity.exe
-adb2
-batchMode
-noUpm
-name
AssetImportWorker0
-projectPath
C:/Users/pedro/OneDrive/Documentos/GitHub/MegamanAula
-logFile
Logs/AssetImportWorker0.log
-srvPort
50171
Successfully changed project path to: C:/Users/pedro/OneDrive/Documentos/GitHub/MegamanAula
C:/Users/pedro/OneDrive/Documentos/GitHub/MegamanAula
Using Asset Import Pipeline V2.
Player connection [704] Host "[IP] 10.1.148.156 [Port] 1073957024 [Flags] 2 [Guid] 1727150803 [EditorId] 1727150803 [Version] 1048832 [Id] WindowsEditor(7,DESKTOP-ICB480H) [Debug] 1 [PackageName] WindowsEditor [ProjectName] Editor" joined multi-casting on [225.0.0.222:54997]...

Player connection [704] Host "[IP] 10.1.148.156 [Port] 1073957024 [Flags] 2 [Guid] 1727150803 [EditorId] 1727150803 [Version] 1048832 [Id] WindowsEditor(7,DESKTOP-ICB480H) [Debug] 1 [PackageName] WindowsEditor [ProjectName] Editor" joined alternative multi-casting on [225.0.0.222:34997]...

Refreshing native plugins compatible for Editor in 67.33 ms, found 0 plugins.
Preloading 0 native plugins for Editor in 0.00 ms.
Initialize engine version: 2020.3.44f1 (7f159b6136da)
[Subsystems] Discovering subsystems at path C:/Program Files/Unity/Hub/Editor/2020.3.44f1/Editor/Data/Resources/UnitySubsystems
[Subsystems] Discovering subsystems at path C:/Users/pedro/OneDrive/Documentos/GitHub/MegamanAula/Assets
GfxDevice: creating device client; threaded=0
Direct3D:
    Version:  Direct3D 11.0 [level 11.1]
    Renderer: NVIDIA GeForce GTX 1050 Ti (ID=0x1c82)
    Vendor:   
    VRAM:     4017 MB
    Driver:   31.0.15.3179
Initialize mono
Mono path[0] = 'C:/Program Files/Unity/Hub/Editor/2020.3.44f1/Editor/Data/Managed'
Mono path[1] = 'C:/Program Files/Unity/Hub/Editor/2020.3.44f1/Editor/Data/MonoBleedingEdge/lib/mono/unityjit'
Mono config path = 'C:/Program Files/Unity/Hub/Editor/2020.3.44f1/Editor/Data/MonoBleedingEdge/etc'
Using monoOptions --debugger-agent=transport=dt_socket,embedding=1,server=y,suspend=n,address=127.0.0.1:56972
Begin MonoManager ReloadAssembly
Registering precompiled unity dll's ...
Register platform support module: C:/Program Files/Unity/Hub/Editor/2020.3.44f1/Editor/Data/PlaybackEngines/WindowsStandaloneSupport/UnityEditor.WindowsStandalone.Extensions.dll
Registered in 0.004650 seconds.
Native extension for WindowsStandalone target not found
Refreshing native plugins compatible for Editor in 73.61 ms, found 0 plugins.
Preloading 0 native plugins for Editor in 0.00 ms.
Mono: successfully reloaded assembly
- Completed reload, in  0.910 seconds
Domain Reload Profiling:
	ReloadAssembly (910ms)
		BeginReloadAssembly (106ms)
			ExecutionOrderSort (0ms)
			DisableScriptedObjects (0ms)
			BackupInstance (0ms)
			ReleaseScriptingObjects (0ms)
			CreateAndSetChildDomain (1ms)
		EndReloadAssembly (696ms)
			LoadAssemblies (102ms)
			RebuildTransferFunctionScriptingTraits (0ms)
			SetupTypeCache (262ms)
			ReleaseScriptCaches (0ms)
			RebuildScriptCaches (41ms)
			SetupLoadedEditorAssemblies (236ms)
				LogAssemblyErrors (0ms)
				InitializePlatformSupportModulesInManaged (6ms)
				SetLoadedEditorAssemblies (0ms)
				RefreshPlugins (74ms)
				BeforeProcessingInitializeOnLoad (11ms)
				ProcessInitializeOnLoadAttributes (108ms)
				ProcessInitializeOnLoadMethodAttributes (37ms)
				AfterProcessingInitializeOnLoad (0ms)
				EditorAssembliesLoaded (0ms)
			ExecutionOrderSort2 (0ms)
			AwakeInstancesAfterBackupRestoration (0ms)
Platform modules already initialized, skipping
Registering precompiled user dll's ...
Registered in 0.001474 seconds.
Begin MonoManager ReloadAssembly
Native extension for WindowsStandalone target not found
Refreshing native plugins compatible for Editor in 97.55 ms, found 0 plugins.
Preloading 0 native plugins for Editor in 0.00 ms.
Mono: successfully reloaded assembly
- Completed reload, in  1.508 seconds
Domain Reload Profiling:
	ReloadAssembly (1509ms)
		BeginReloadAssembly (283ms)
			ExecutionOrderSort (0ms)
			DisableScriptedObjects (6ms)
			BackupInstance (0ms)
			ReleaseScriptingObjects (0ms)
			CreateAndSetChildDomain (25ms)
		EndReloadAssembly (1131ms)
			LoadAssemblies (195ms)
			RebuildTransferFunctionScriptingTraits (0ms)
			SetupTypeCache (310ms)
			ReleaseScriptCaches (1ms)
			RebuildScriptCaches (61ms)
			SetupLoadedEditorAssemblies (494ms)
				LogAssemblyErrors (0ms)
				InitializePlatformSupportModulesInManaged (119ms)
				SetLoadedEditorAssemblies (1ms)
				RefreshPlugins (98ms)
				BeforeProcessingInitializeOnLoad (113ms)
				ProcessInitializeOnLoadAttributes (129ms)
				ProcessInitializeOnLoadMethodAttributes (20ms)
				AfterProcessingInitializeOnLoad (15ms)
				EditorAssembliesLoaded (0ms)
			ExecutionOrderSort2 (0ms)
			AwakeInstancesAfterBackupRestoration (2ms)
Platform modules already initialized, skipping
========================================================================
Worker process is ready to serve import requests
Launched and connected shader compiler UnityShaderCompiler.exe after 0.06 seconds
Refreshing native plugins compatible for Editor in 0.62 ms, found 0 plugins.
Preloading 0 native plugins for Editor in 0.00 ms.
Unloading 2414 Unused Serialized files (Serialized files now loaded: 0)
System memory in use before: 118.1 MB.
System memory in use after: 118.3 MB.

Unloading 13 unused Assets to reduce memory usage. Loaded Objects now: 2859.
Total: 3.616200 ms (FindLiveObjects: 0.196400 ms CreateObjectMapping: 0.095900 ms MarkObjects: 3.221900 ms  DeleteObjects: 0.100300 ms)

AssetImportParameters requested are different than current active one (requested -> active):
  custom:framework-win-MediaFoundation: 216162199b28c13a410421893ffa2e32 -> 
  custom:video-decoder-ogg-theora: a1e56fd34408186e4bbccfd4996cb3dc -> 
  custom:container-muxer-webm: aa71ff27fc2769a1b78a27578f13a17b -> 
  custom:container-demuxer-webm: 4f35f7cbe854078d1ac9338744f61a02 -> 
  custom:container-demuxer-ogg: 62fdf1f143b41e24485cea50d1cbac27 -> 
  custom:video-encoder-webm-vp8: eb34c28f22e8b96e1ab97ce403110664 -> 
  custom:video-decoder-webm-vp8: 9c59270c3fd7afecdb556c50c9e8de78 -> 
  custom:audio-decoder-ogg-vorbis: bf7c407c2cedff20999df2af8eb42d56 -> 
  custom:audio-encoder-webm-vorbis: bf7c407c2cedff20999df2af8eb42d56 -> 
========================================================================
Received Import Request.
  path: Assets/tiles.prefab
  artifactKey: Guid(9fb517835497b1e46ad3a13a181b72e4) Importer(815301076,1909f56bfc062723c751e8b465ee728b)
Start importing Assets/tiles.prefab using Guid(9fb517835497b1e46ad3a13a181b72e4) Importer(815301076,1909f56bfc062723c751e8b465ee728b)  -> (artifact id: '9937236081c699140040f0c86818a716') in 0.314901 seconds 
========================================================================
Received Import Request.
  Time since last request: 0.000259 seconds.
  path: Assets/ForwardRenderer.asset
  artifactKey: Guid(d0373411a7496634db3a2b14a2f097b1) Importer(815301076,1909f56bfc062723c751e8b465ee728b)
Start importing Assets/ForwardRenderer.asset using Guid(d0373411a7496634db3a2b14a2f097b1) Importer(815301076,1909f56bfc062723c751e8b465ee728b)  -> (artifact id: '7e2071b5e3a0b61cf3fe61d596af6c15') in 0.014844 seconds 
========================================================================
Received Import Request.
  Time since last request: 0.000243 seconds.
  path: Assets/LightweightRenderPipelineAsset.asset
  artifactKey: Guid(1f2593a23deb33d45995c0f33e1e0914) Importer(815301076,1909f56bfc062723c751e8b465ee728b)
Start importing Assets/LightweightRenderPipelineAsset.asset using Guid(1f2593a23deb33d45995c0f33e1e0914) Importer(815301076,1909f56bfc062723c751e8b465ee728b)  -> (artifact id: '4ab33518290f32140461a808800cf6d7') in 0.013316 seconds 
========================================================================
Received Import Request.
  Time since last request: 138.279540 seconds.
  path: Assets/Plugins
  artifactKey: Guid(720712be6e31c444f88f57bb85bf5fa5) Importer(815301076,1909f56bfc062723c751e8b465ee728b)
Start importing Assets/Plugins using Guid(720712be6e31c444f88f57bb85bf5fa5) Importer(815301076,1909f56bfc062723c751e8b465ee728b)  -> (artifact id: '7f4a1fdc28bde69e883647acc57956d5') in 0.010971 seconds 
========================================================================
Received Import Request.
  Time since last request: 2.786313 seconds.
  path: Assets/Phisical/force 1.physicsMaterial2D
  artifactKey: Guid(2c0fdfccbdcd5f74ab1c056287ab6991) Importer(815301076,1909f56bfc062723c751e8b465ee728b)
Start importing Assets/Phisical/force 1.physicsMaterial2D using Guid(2c0fdfccbdcd5f74ab1c056287ab6991) Importer(815301076,1909f56bfc062723c751e8b465ee728b)  -> (artifact id: 'dd8e3c2e4f190268b9c2a5562c1b1b37') in 0.015128 seconds 
========================================================================
Received Import Request.
  Time since last request: 0.000212 seconds.
  path: Assets/Phisical/force.physicsMaterial2D
  artifactKey: Guid(b0394cf63ff48c649a6c014a956b594b) Importer(815301076,1909f56bfc062723c751e8b465ee728b)
Start importing Assets/Phisical/force.physicsMaterial2D using Guid(b0394cf63ff48c649a6c014a956b594b) Importer(815301076,1909f56bfc062723c751e8b465ee728b)  -> (artifact id: 'ed44085e5264e5ae6f1eb06bd6c919ae') in 0.012562 seconds 
========================================================================
Received Import Request.
  Time since last request: 0.000271 seconds.
  path: Assets/Phisical/zerofriction.physicsMaterial2D
  artifactKey: Guid(72625379d6e68ca4c9c691940f14fb29) Importer(815301076,1909f56bfc062723c751e8b465ee728b)
Start importing Assets/Phisical/zerofriction.physicsMaterial2D using Guid(72625379d6e68ca4c9c691940f14fb29) Importer(815301076,1909f56bfc062723c751e8b465ee728b)  -> (artifact id: '3bfce199e98ea8135dbe7d0c72667a71') in 0.013351 seconds 
========================================================================
Received Import Request.
  Time since last request: 0.752432 seconds.
  path: Assets/Pack 01 (Pixel Art)/DemoScene.psd
  artifactKey: Guid(61b352472bab3d7458d00754a098f42e) Importer(815301076,1909f56bfc062723c751e8b465ee728b)
Start importing Assets/Pack 01 (Pixel Art)/DemoScene.psd using Guid(61b352472bab3d7458d00754a098f42e) Importer(815301076,1909f56bfc062723c751e8b465ee728b)  -> (artifact id: '4c421cfcde82d6c7b2b265e8e0f69cdc') in 0.048903 seconds 
========================================================================
Received Import Request.
  Time since last request: 0.000218 seconds.
  path: Assets/Pack 01 (Pixel Art)/Pack 01 - Space PRO pack.png
  artifactKey: Guid(8fa7ed9d608c422408b2f041b58bd159) Importer(815301076,1909f56bfc062723c751e8b465ee728b)
Start importing Assets/Pack 01 (Pixel Art)/Pack 01 - Space PRO pack.png using Guid(8fa7ed9d608c422408b2f041b58bd159) Importer(815301076,1909f56bfc062723c751e8b465ee728b)  -> (artifact id: '54c560b83b601e674924ed5cce1e8978') in 0.035355 seconds 
========================================================================
Received Import Request.
  Time since last request: 1.037549 seconds.
  path: Assets/Material/Lemon.mat
  artifactKey: Guid(1059d33838ecd794cb52a905b15fd478) Importer(815301076,1909f56bfc062723c751e8b465ee728b)
Start importing Assets/Material/Lemon.mat using Guid(1059d33838ecd794cb52a905b15fd478) Importer(815301076,1909f56bfc062723c751e8b465ee728b)  -> (artifact id: '08e39ebb5e60c8e096eb00169073864a') in 0.517105 seconds 
========================================================================
Received Import Request.
  Time since last request: 0.000199 seconds.
  path: Assets/Material/New Material.mat
  artifactKey: Guid(ea9f67885917eed46913da069109e668) Importer(815301076,1909f56bfc062723c751e8b465ee728b)
Start importing Assets/Material/New Material.mat using Guid(ea9f67885917eed46913da069109e668) Importer(815301076,1909f56bfc062723c751e8b465ee728b)  -> (artifact id: '18f384f1e99bd179958ed3efad554158') in 0.055651 seconds 
========================================================================
Received Import Request.
  Time since last request: 0.000209 seconds.
  path: Assets/Material/Spark.mat
  artifactKey: Guid(e990a45ef7d77374cbce8b35437cac27) Importer(815301076,1909f56bfc062723c751e8b465ee728b)
Start importing Assets/Material/Spark.mat using Guid(e990a45ef7d77374cbce8b35437cac27) Importer(815301076,1909f56bfc062723c751e8b465ee728b)  -> (artifact id: 'dce63bab6f9f99c3a21314c485bc7f84') in 0.052469 seconds 
========================================================================
Received Import Request.
  Time since last request: 2.333852 seconds.
  path: Assets/Prefabs/Baril01.prefab
  artifactKey: Guid(530452a3669f48d4e9e34de2108bab85) Importer(815301076,1909f56bfc062723c751e8b465ee728b)
Start importing Assets/Prefabs/Baril01.prefab using Guid(530452a3669f48d4e9e34de2108bab85) Importer(815301076,1909f56bfc062723c751e8b465ee728b)  -> (artifact id: 'e387f2be1ebd4ae0ca8491cc67fc20c7') in 0.028097 seconds 
========================================================================
Received Import Request.
  Time since last request: 0.000294 seconds.
  path: Assets/Prefabs/Player.prefab
  artifactKey: Guid(c45b7be3af53a5545a80450e64fc63e6) Importer(815301076,1909f56bfc062723c751e8b465ee728b)
Start importing Assets/Prefabs/Player.prefab using Guid(c45b7be3af53a5545a80450e64fc63e6) Importer(815301076,1909f56bfc062723c751e8b465ee728b)  -> (artifact id: '5ce9bc4154a3f9b04a88ddb2f19a6f47') in 0.066545 seconds 
========================================================================
Received Import Request.
  Time since last request: 0.000287 seconds.
  path: Assets/Prefabs/corrente.prefab
  artifactKey: Guid(32d16ccb3ca737f4b9d952bcdf666c24) Importer(815301076,1909f56bfc062723c751e8b465ee728b)
Start importing Assets/Prefabs/corrente.prefab using Guid(32d16ccb3ca737f4b9d952bcdf666c24) Importer(815301076,1909f56bfc062723c751e8b465ee728b)  -> (artifact id: '16086604bbefe1da0aad0d6b4f054f5c') in 0.046383 seconds 
========================================================================
Received Import Request.
  Time since last request: 0.000249 seconds.
  path: Assets/Prefabs/mega_man_x1_vehicles_in_32_bits_by_irregularsaturn-dai9a38_12.prefab
  artifactKey: Guid(8b5566a63b6a03f40ab4fa94ca1bcaef) Importer(815301076,1909f56bfc062723c751e8b465ee728b)
Start importing Assets/Prefabs/mega_man_x1_vehicles_in_32_bits_by_irregularsaturn-dai9a38_12.prefab using Guid(8b5566a63b6a03f40ab4fa94ca1bcaef) Importer(815301076,1909f56bfc062723c751e8b465ee728b)  -> (artifact id: '465632fb72cfc122da7c272a3c2ab54f') in 0.037161 seconds 
========================================================================
Received Import Request.
  Time since last request: 0.000208 seconds.
  path: Assets/Prefabs/PlayerMM.prefab
  artifactKey: Guid(d42a24c9cbd336e46aa519ab65fd03d8) Importer(815301076,1909f56bfc062723c751e8b465ee728b)
Start importing Assets/Prefabs/PlayerMM.prefab using Guid(d42a24c9cbd336e46aa519ab65fd03d8) Importer(815301076,1909f56bfc062723c751e8b465ee728b)  -> (artifact id: '9ff0da038aa37ad2979c82a37ce446d6') in 0.050510 seconds 
========================================================================
Received Import Request.
  Time since last request: 16.975157 seconds.
  path: Assets/Scripts/Barrel.cs
  artifactKey: Guid(543df63fe3d153942b50346f09b6061b) Importer(815301076,1909f56bfc062723c751e8b465ee728b)
Start importing Assets/Scripts/Barrel.cs using Guid(543df63fe3d153942b50346f09b6061b) Importer(815301076,1909f56bfc062723c751e8b465ee728b)  -> (artifact id: '019ac5ba49ee6769ccdbc245f2fc93e2') in 0.018230 seconds 
========================================================================
Received Import Request.
  Time since last request: 2.038037 seconds.
  path: Assets/Scripts/LevelManager.cs
  artifactKey: Guid(5eb753a2c2ef9464d9d232d740ac8231) Importer(815301076,1909f56bfc062723c751e8b465ee728b)
Start importing Assets/Scripts/LevelManager.cs using Guid(5eb753a2c2ef9464d9d232d740ac8231) Importer(815301076,1909f56bfc062723c751e8b465ee728b)  -> (artifact id: '6aea834df87c32e9367c1ed228a5566a') in 0.014647 seconds 
========================================================================
Received Import Request.
  Time since last request: 1.304234 seconds.
  path: Assets/Scripts/IntroScript.cs
  artifactKey: Guid(4c5bfaa791ba2854489135cd8828bde4) Importer(815301076,1909f56bfc062723c751e8b465ee728b)
Start importing Assets/Scripts/IntroScript.cs using Guid(4c5bfaa791ba2854489135cd8828bde4) Importer(815301076,1909f56bfc062723c751e8b465ee728b)  -> (artifact id: '9788b9de030060d204ac255d889d8eee') in 0.012383 seconds 
========================================================================
Received Import Request.
  Time since last request: 0.532362 seconds.
  path: Assets/Scripts/CrabPistol.cs
  artifactKey: Guid(b27b0c2dbf96fec4c8576518cd02d1b3) Importer(815301076,1909f56bfc062723c751e8b465ee728b)
Start importing Assets/Scripts/CrabPistol.cs using Guid(b27b0c2dbf96fec4c8576518cd02d1b3) Importer(815301076,1909f56bfc062723c751e8b465ee728b)  -> (artifact id: 'dd46710adcd72c301889d5615569a923') in 0.011728 seconds 
========================================================================
Received Import Request.
  Time since last request: 1.074188 seconds.
  path: Assets/Scripts/Control.cs
  artifactKey: Guid(61782caa48f696d458c95daa6e99c7e8) Importer(815301076,1909f56bfc062723c751e8b465ee728b)
Start importing Assets/Scripts/Control.cs using Guid(61782caa48f696d458c95daa6e99c7e8) Importer(815301076,1909f56bfc062723c751e8b465ee728b)  -> (artifact id: '01e4567e14dfbf16b490ba1e71abb088') in 0.013217 seconds 
========================================================================
Received Import Request.
  Time since last request: 3.325974 seconds.
  path: Assets/Scripts/IA
  artifactKey: Guid(d2b52eb8cb4ad354394e42f86c95077d) Importer(815301076,1909f56bfc062723c751e8b465ee728b)
Start importing Assets/Scripts/IA using Guid(d2b52eb8cb4ad354394e42f86c95077d) Importer(815301076,1909f56bfc062723c751e8b465ee728b)  -> (artifact id: '8438a576fbc263adbfa01db8d586a4c1') in 0.013699 seconds 
========================================================================
Received Import Request.
  Time since last request: 4.921033 seconds.
  path: Assets/Sprites/47febfd79d3f18e3a61c01aa806db753.gif
  artifactKey: Guid(4bd1c061a216d644e969d4313fe33fff) Importer(815301076,1909f56bfc062723c751e8b465ee728b)
Start importing Assets/Sprites/47febfd79d3f18e3a61c01aa806db753.gif using Guid(4bd1c061a216d644e969d4313fe33fff) Importer(815301076,1909f56bfc062723c751e8b465ee728b)  -> (artifact id: 'a37b4b4c51040123180451e85fac8711') in 0.315445 seconds 
========================================================================
Received Import Request.
  Time since last request: 0.000261 seconds.
  path: Assets/Sprites/images.png
  artifactKey: Guid(dff52db855949e243a7e8aac5109d644) Importer(815301076,1909f56bfc062723c751e8b465ee728b)
Start importing Assets/Sprites/images.png using Guid(dff52db855949e243a7e8aac5109d644) Importer(815301076,1909f56bfc062723c751e8b465ee728b)  -> (artifact id: 'fd30f507a9d5f5c128c9fa2ad0b3eb7a') in 0.024158 seconds 
========================================================================
Received Import Request.
  Time since last request: 0.000276 seconds.
  path: Assets/Sprites/ufySKE5.png
  artifactKey: Guid(8b170dad34b0a544dae4739e0e3b3ba0) Importer(815301076,1909f56bfc062723c751e8b465ee728b)
Start importing Assets/Sprites/ufySKE5.png using Guid(8b170dad34b0a544dae4739e0e3b3ba0) Importer(815301076,1909f56bfc062723c751e8b465ee728b)  -> (artifact id: '45952b1546230359b942fdb8c5e75991') in 0.025791 seconds 
========================================================================
Received Import Request.
  Time since last request: 0.000324 seconds.
  path: Assets/Sprites/4688531435_1d3d72d3ee_z.jpg
  artifactKey: Guid(43584791df11b884aa656aec1d5038c2) Importer(815301076,1909f56bfc062723c751e8b465ee728b)
Start importing Assets/Sprites/4688531435_1d3d72d3ee_z.jpg using Guid(43584791df11b884aa656aec1d5038c2) Importer(815301076,1909f56bfc062723c751e8b465ee728b)  -> (artifact id: '41f60b1422b4821228326088c4feaa7d') in 0.036967 seconds 
========================================================================
Received Import Request.
  Time since last request: 0.000225 seconds.
  path: Assets/Sprites/sprites1.png
  artifactKey: Guid(0c117d5029bb6cc45926c199295d5005) Importer(815301076,1909f56bfc062723c751e8b465ee728b)
Start importing Assets/Sprites/sprites1.png using Guid(0c117d5029bb6cc45926c199295d5005) Importer(815301076,1909f56bfc062723c751e8b465ee728b)  -> (artifact id: 'b3a275a929bbed51669fac7c5402ac0d') in 0.192165 seconds 
========================================================================
Received Import Request.
  Time since last request: 0.000263 seconds.
  path: Assets/Sprites/lemon.psd
  artifactKey: Guid(a85bb8ecf637c0f4a9f0a6dc6aa27040) Importer(815301076,1909f56bfc062723c751e8b465ee728b)
Start importing Assets/Sprites/lemon.psd using Guid(a85bb8ecf637c0f4a9f0a6dc6aa27040) Importer(815301076,1909f56bfc062723c751e8b465ee728b)  -> (artifact id: 'dfa4d78e1cc3b7c5195f863e1f634dfb') in 0.019774 seconds 
========================================================================
Received Import Request.
  Time since last request: 0.000319 seconds.
  path: Assets/Sprites/plate.psd
  artifactKey: Guid(696f15fe7c4f888478f5f3b1c13ab8c1) Importer(815301076,1909f56bfc062723c751e8b465ee728b)
Start importing Assets/Sprites/plate.psd using Guid(696f15fe7c4f888478f5f3b1c13ab8c1) Importer(815301076,1909f56bfc062723c751e8b465ee728b)  -> (artifact id: '9103d0998218f598cfc4dbf4f955687d') in 0.055148 seconds 
========================================================================
Received Import Request.
  Time since last request: 0.000251 seconds.
  path: Assets/Sprites/zerox6.gif
  artifactKey: Guid(f7f25277024f14549bb0bb30a4f13ee5) Importer(815301076,1909f56bfc062723c751e8b465ee728b)
Start importing Assets/Sprites/zerox6.gif using Guid(f7f25277024f14549bb0bb30a4f13ee5) Importer(815301076,1909f56bfc062723c751e8b465ee728b)  -> (artifact id: '73ded0a7d7e3c1f76498680aad01d59b') in 0.504379 seconds 
========================================================================
Received Import Request.
  Time since last request: 0.000429 seconds.
  path: Assets/Sprites/zerox4sheet.gif
  artifactKey: Guid(3ec7b4fe10d22cd4fbd7f9402c000a07) Importer(815301076,1909f56bfc062723c751e8b465ee728b)
Start importing Assets/Sprites/zerox4sheet.gif using Guid(3ec7b4fe10d22cd4fbd7f9402c000a07) Importer(815301076,1909f56bfc062723c751e8b465ee728b)  -> (artifact id: 'a6f45cd4cbffe0526318009be72a7c09') in 0.528268 seconds 
========================================================================
Received Import Request.
  Time since last request: 0.000287 seconds.
  path: Assets/Sprites/mega_man_x1_vehicles_in_32_bits_by_irregularsaturn-dai9a38.psd
  artifactKey: Guid(379d8652c8e4f0b4486ed30a61687cc9) Importer(815301076,1909f56bfc062723c751e8b465ee728b)
Start importing Assets/Sprites/mega_man_x1_vehicles_in_32_bits_by_irregularsaturn-dai9a38.psd using Guid(379d8652c8e4f0b4486ed30a61687cc9) Importer(815301076,1909f56bfc062723c751e8b465ee728b)  -> (artifact id: '25308b843e23c8f5987db256db29cd61') in 0.063988 seconds 
========================================================================
Received Import Request.
  Time since last request: 4.154079 seconds.
  path: Assets/fonts/Commodore Angled v1.2.ttf
  artifactKey: Guid(e88827d52315f584bb5316d2914ca3d9) Importer(815301076,1909f56bfc062723c751e8b465ee728b)
Start importing Assets/fonts/Commodore Angled v1.2.ttf using Guid(e88827d52315f584bb5316d2914ca3d9) Importer(815301076,1909f56bfc062723c751e8b465ee728b)  -> (artifact id: '41f2a5505786f5fdd7bfe1a606001ac1') in 0.055021 seconds 
========================================================================
Received Import Request.
  Time since last request: 0.000258 seconds.
  path: Assets/fonts/Commodore Rounded v1.2.ttf
  artifactKey: Guid(59b2fd5458d56e04da975fc175a25b70) Importer(815301076,1909f56bfc062723c751e8b465ee728b)
Start importing Assets/fonts/Commodore Rounded v1.2.ttf using Guid(59b2fd5458d56e04da975fc175a25b70) Importer(815301076,1909f56bfc062723c751e8b465ee728b)  -> (artifact id: 'bde23188be75fcad8508729f6e06e6a1') in 0.025317 seconds 
========================================================================
Received Import Request.
  Time since last request: 0.000291 seconds.
  path: Assets/fonts/Commodore-64-v6.3.TTF
  artifactKey: Guid(e6a47465bd254e046a2c58ddc4700f35) Importer(815301076,1909f56bfc062723c751e8b465ee728b)
Start importing Assets/fonts/Commodore-64-v6.3.TTF using Guid(e6a47465bd254e046a2c58ddc4700f35) Importer(815301076,1909f56bfc062723c751e8b465ee728b)  -> (artifact id: '0b4d46dcf99d87b2699edc8edb154a84') in 0.027623 seconds 
AssetImportWorkerClient::OnTransportError - code=2 error=End of file
